<?xml version="1.0" encoding="UTF-8"?>
<!-- Generated by org.testng.reporters.JUnitXMLReporter -->
<testsuite ignored="0" hostname="suresh06" failures="0" tests="4" name="Default test" time="15.238" errors="0" timestamp="2024-09-16T12:55:14 IST">
  <testcase classname="com.venkat.day42.OrangeHRMTest" name="openApp" time="9.951"/>
  <testcase classname="com.venkat.day42.OrangeHRMTest" name="testLogo" time="3.077"/>
  <testcase classname="com.venkat.day42.OrangeHRMTest" name="testLogin" time="1.79"/>
  <testcase classname="com.venkat.day42.OrangeHRMTest" name="testCloseApp" time="0.358"/>
</testsuite> <!-- Default test -->
