<?xml version="1.0" encoding="UTF-8"?>
<!-- Generated by org.testng.reporters.JUnitXMLReporter -->
<testsuite ignored="6" hostname="suresh06" failures="0" tests="2" name="groupingTest" time="0.044" errors="0" timestamp="2024-09-18T12:51:52 IST">
  <testcase classname="com.venkat.day44.PaymentTests" name="paymentInRupees" time="0.008"/>
  <testcase classname="com.venkat.day44.PaymentTests" name="paymentInDollers" time="0.001"/>
  <testcase classname="com.venkat.day44.LoginTestes" name="loginByEmail" time="0.0">
    <ignored/>
  </testcase> <!-- loginByEmail -->
  <testcase classname="com.venkat.day44.LoginTestes" name="loginByFacebook" time="0.0">
    <ignored/>
  </testcase> <!-- loginByFacebook -->
  <testcase classname="com.venkat.day44.LoginTestes" name="loginByTwitter" time="0.0">
    <ignored/>
  </testcase> <!-- loginByTwitter -->
  <testcase classname="com.venkat.day44.SignUpTests" name="signUpByTwitter" time="0.0">
    <ignored/>
  </testcase> <!-- signUpByTwitter -->
  <testcase classname="com.venkat.day44.SignUpTests" name="signUpByFacebook" time="0.0">
    <ignored/>
  </testcase> <!-- signUpByFacebook -->
  <testcase classname="com.venkat.day44.SignUpTests" name="signUpByEmail" time="0.0">
    <ignored/>
  </testcase> <!-- signUpByEmail -->
</testsuite> <!-- groupingTest -->
