<?xml version="1.0" encoding="UTF-8"?>
<!-- Generated by org.testng.reporters.JUnitXMLReporter -->
<testsuite ignored="0" hostname="suresh06" failures="0" tests="3" name="chrometest" time="3.519" errors="0" timestamp="2024-09-18T21:51:43 IST">
  <testcase classname="com.venkat.day45.practice.ParallelTestingDemo" name="testLogo" time="0.085"/>
  <testcase classname="com.venkat.day45.practice.ParallelTestingDemo" name="testTitle" time="0.015"/>
  <testcase classname="com.venkat.day45.practice.ParallelTestingDemo" name="testURL" time="0.017"/>
</testsuite> <!-- chrometest -->
