<?xml version="1.0" encoding="UTF-8"?>
<!-- Generated by org.testng.reporters.JUnitXMLReporter -->
<testsuite ignored="0" hostname="suresh06" failures="0" tests="3" name="edgetest" time="14.761" errors="0" timestamp="2024-09-18T21:51:54 IST">
  <testcase classname="com.venkat.day45.practice.ParallelTestingDemo" name="testLogo" time="8.334"/>
  <testcase classname="com.venkat.day45.practice.ParallelTestingDemo" name="testTitle" time="0.138"/>
  <testcase classname="com.venkat.day45.practice.ParallelTestingDemo" name="testURL" time="0.013"/>
</testsuite> <!-- edgetest -->
