<?xml version="1.0" encoding="UTF-8"?>
<!-- Generated by org.testng.reporters.JUnitXMLReporter -->
<testsuite ignored="0" hostname="suresh06" failures="0" tests="3" name="firefoxtest" time="19.472" errors="0" timestamp="2024-09-18T21:51:58 IST">
  <testcase classname="com.venkat.day45.practice.ParallelTestingDemo" name="testLogo" time="12.01"/>
  <testcase classname="com.venkat.day45.practice.ParallelTestingDemo" name="testTitle" time="0.011"/>
  <testcase classname="com.venkat.day45.practice.ParallelTestingDemo" name="testURL" time="0.013"/>
</testsuite> <!-- firefoxtest -->
