<?xml version="1.0" encoding="UTF-8"?>
<!-- Generated by org.testng.reporters.JUnitXMLReporter -->
<testsuite ignored="0" hostname="suresh06" failures="0" tests="3" name="Test2" time="0.013" errors="0" timestamp="2024-09-17T19:21:34 IST">
  <testcase classname="com.venkat.day43.pack.Class2" name="xyz" time="0.002"/>
  <testcase classname="com.venkat.day43.pack.Class1" name="abc" time="0.001"/>
  <testcase classname="com.venkat.day43.pack.Class3" name="pqr" time="0.002"/>
</testsuite> <!-- Test2 -->
