<?xml version="1.0" encoding="UTF-8"?>
<!-- Generated by org.testng.reporters.JUnitXMLReporter -->
<testsuite ignored="0" hostname="suresh06" failures="0" tests="4" name="Test" time="13.428" errors="0" timestamp="2024-09-16T13:07:27 IST">
  <testcase classname="com.venkat.day42.OrangeHRMTest" name="openApp" time="9.55"/>
  <testcase classname="com.venkat.day42.OrangeHRMTest" name="testLogo" time="3.076"/>
  <testcase classname="com.venkat.day42.OrangeHRMTest" name="testLogin" time="0.41"/>
  <testcase classname="com.venkat.day42.OrangeHRMTest" name="testCloseApp" time="0.322"/>
</testsuite> <!-- Test -->
