<?xml version="1.0" encoding="UTF-8"?>
<!-- Generated by org.testng.reporters.JUnitXMLReporter -->
<testsuite ignored="0" hostname="suresh06" failures="1" tests="3" name="Test" time="9.395" errors="0" timestamp="2024-09-19T12:56:36 IST">
  <testcase classname="com.venkat.day46.OrangeHRM" name="testLogo" time="0.045"/>
  <testcase classname="com.venkat.day46.OrangeHRM" name="testTitle" time="0.018">
    <failure type="java.lang.AssertionError" message="expected [OrangeHRMFalse] but found [OrangeHRM]">
      <![CDATA[java.lang.AssertionError: expected [OrangeHRMFalse] but found [OrangeHRM]
at com.venkat.day46.OrangeHRM.testTitle(OrangeHRM.java:36)
at java.base/java.util.ArrayList.forEach(ArrayList.java:1511)
... Removed 31 stack frames]]>
    </failure>
  </testcase> <!-- testTitle -->
  <testcase classname="com.venkat.day46.OrangeHRM" name="testURL" time="0.001">
    <skipped/>
  </testcase> <!-- testURL -->
</testsuite> <!-- Test -->
