<?xml version="1.0" encoding="UTF-8"?>
<testng-results ignored="0" total="1" passed="1" failed="0" skipped="0">
  <reporter-output>
  </reporter-output>
  <suite started-at="2024-09-20T11:11:41 IST" name="Default suite" finished-at="2024-09-20T11:11:55 IST" duration-ms="13975">
    <groups>
    </groups>
    <test started-at="2024-09-20T11:11:41 IST" name="Default test" finished-at="2024-09-20T11:11:55 IST" duration-ms="13975">
      <class name="com.venkat.day47.LoginTest">
        <test-method is-config="true" signature="setup()[pri:0, instance:com.venkat.day47.LoginTest@7c7a06ec]" started-at="2024-09-20T11:11:41 IST" name="setup" finished-at="2024-09-20T11:11:53 IST" duration-ms="11923" status="PASS">
          <reporter-output>
          </reporter-output>
        </test-method> <!-- setup -->
        <test-method signature="testLogin()[pri:0, instance:com.venkat.day47.LoginTest@7c7a06ec]" started-at="2024-09-20T11:11:53 IST" name="testLogin" finished-at="2024-09-20T11:11:55 IST" duration-ms="1670" status="PASS">
          <reporter-output>
          </reporter-output>
        </test-method> <!-- testLogin -->
        <test-method is-config="true" signature="tearDown()[pri:0, instance:com.venkat.day47.LoginTest@7c7a06ec]" started-at="2024-09-20T11:11:55 IST" name="tearDown" finished-at="2024-09-20T11:11:55 IST" duration-ms="322" status="PASS">
          <reporter-output>
          </reporter-output>
        </test-method> <!-- tearDown -->
      </class> <!-- com.venkat.day47.LoginTest -->
    </test> <!-- Default test -->
  </suite> <!-- Default suite -->
</testng-results>
