<?xml version="1.0" encoding="UTF-8"?>
<testng-results ignored="0" total="4" passed="4" failed="0" skipped="0">
  <reporter-output>
  </reporter-output>
  <suite started-at="2024-09-16T13:07:14 IST" name="Suite" finished-at="2024-09-16T13:07:27 IST" duration-ms="13428">
    <groups>
    </groups>
    <test started-at="2024-09-16T13:07:14 IST" name="Test" finished-at="2024-09-16T13:07:27 IST" duration-ms="13428">
      <class name="com.venkat.day42.OrangeHRMTest">
        <test-method signature="openApp()[pri:1, instance:com.venkat.day42.OrangeHRMTest@689604d9]" started-at="2024-09-16T13:07:14 IST" name="openApp" finished-at="2024-09-16T13:07:23 IST" duration-ms="9550" status="PASS">
          <reporter-output>
          </reporter-output>
        </test-method> <!-- openApp -->
        <test-method signature="testLogo()[pri:2, instance:com.venkat.day42.OrangeHRMTest@689604d9]" started-at="2024-09-16T13:07:23 IST" name="testLogo" finished-at="2024-09-16T13:07:27 IST" duration-ms="3076" status="PASS">
          <reporter-output>
          </reporter-output>
        </test-method> <!-- testLogo -->
        <test-method signature="testLogin()[pri:3, instance:com.venkat.day42.OrangeHRMTest@689604d9]" started-at="2024-09-16T13:07:27 IST" name="testLogin" finished-at="2024-09-16T13:07:27 IST" duration-ms="410" status="PASS">
          <reporter-output>
          </reporter-output>
        </test-method> <!-- testLogin -->
        <test-method signature="testCloseApp()[pri:4, instance:com.venkat.day42.OrangeHRMTest@689604d9]" started-at="2024-09-16T13:07:27 IST" name="testCloseApp" finished-at="2024-09-16T13:07:27 IST" duration-ms="322" status="PASS">
          <reporter-output>
          </reporter-output>
        </test-method> <!-- testCloseApp -->
      </class> <!-- com.venkat.day42.OrangeHRMTest -->
    </test> <!-- Test -->
  </suite> <!-- Suite -->
</testng-results>
